
[000001] 1 [     1 - request] map["url":"https://skyeysnow.com//"] (0s)
[000002] 1 [     1 - response] map["status":"OK" "url":"https://skyeysnow.com//"] (972.2482ms)
[000003] 1 [     1 - html] map["selector":"p" "url":"https://skyeysnow.com//"] (975.0019ms)
[000004] 1 [     1 - html] map["selector":"p" "url":"https://skyeysnow.com//"] (975.5516ms)
[000005] 1 [     1 - html] map["selector":"p" "url":"https://skyeysnow.com//"] (975.5516ms)
[000006] 1 [     1 - html] map["selector":"p" "url":"https://skyeysnow.com//"] (976.1065ms)
[000007] 1 [     1 - html] map["selector":"p" "url":"https://skyeysnow.com//"] (976.664ms)
[000008] 1 [     1 - html] map["selector":"p" "url":"https://skyeysnow.com//"] (977.2216ms)
[000009] 1 [     1 - html] map["selector":"p" "url":"https://skyeysnow.com//"] (977.2216ms)
[000010] 1 [     1 - html] map["selector":"p" "url":"https://skyeysnow.com//"] (977.7605ms)
[000011] 1 [     1 - html] map["selector":"p" "url":"https://skyeysnow.com//"] (978.3017ms)
[000012] 1 [     1 - html] map["selector":"p" "url":"https://skyeysnow.com//"] (978.843ms)
[000013] 1 [     1 - html] map["selector":"p" "url":"https://skyeysnow.com//"] (978.843ms)
[000014] 1 [     1 - html] map["selector":"p" "url":"https://skyeysnow.com//"] (979.3672ms)
[000015] 1 [     1 - html] map["selector":"p" "url":"https://skyeysnow.com//"] (980.0097ms)
[000016] 1 [     1 - html] map["selector":"p" "url":"https://skyeysnow.com//"] (980.5188ms)
[000017] 1 [     1 - html] map["selector":"p" "url":"https://skyeysnow.com//"] (980.5188ms)
[000018] 1 [     1 - scraped] map["url":"https://skyeysnow.com//"] (981.1188ms)
[000001] 1 [     1 - request] map["url":"https://skyeysnow.com//"] (559.8µs)
[000002] 1 [     1 - response] map["status":"OK" "url":"https://skyeysnow.com//"] (1.4543513s)
[000003] 1 [     1 - html] map["selector":"p" "url":"https://skyeysnow.com//"] (1.4573532s)
[000004] 1 [     1 - html] map["selector":"p" "url":"https://skyeysnow.com//"] (1.4575131s)
[000005] 1 [     1 - html] map["selector":"p" "url":"https://skyeysnow.com//"] (1.4575131s)
[000006] 1 [     1 - html] map["selector":"p" "url":"https://skyeysnow.com//"] (1.4575131s)
[000007] 1 [     1 - html] map["selector":"p" "url":"https://skyeysnow.com//"] (1.4580468s)
[000008] 1 [     1 - html] map["selector":"p" "url":"https://skyeysnow.com//"] (1.4580468s)
[000009] 1 [     1 - html] map["selector":"p" "url":"https://skyeysnow.com//"] (1.4581975s)
[000010] 1 [     1 - html] map["selector":"p" "url":"https://skyeysnow.com//"] (1.4581975s)
[000011] 1 [     1 - html] map["selector":"p" "url":"https://skyeysnow.com//"] (1.458734s)
[000012] 1 [     1 - html] map["selector":"p" "url":"https://skyeysnow.com//"] (1.458734s)
[000013] 1 [     1 - html] map["selector":"p" "url":"https://skyeysnow.com//"] (1.4592859s)
[000014] 1 [     1 - html] map["selector":"p" "url":"https://skyeysnow.com//"] (1.4592859s)
[000015] 1 [     1 - html] map["selector":"p" "url":"https://skyeysnow.com//"] (1.4598967s)
[000016] 1 [     1 - html] map["selector":"p" "url":"https://skyeysnow.com//"] (1.4598967s)
[000017] 1 [     1 - html] map["selector":"p" "url":"https://skyeysnow.com//"] (1.4604027s)
[000018] 1 [     1 - scraped] map["url":"https://skyeysnow.com//"] (1.4604027s)
[000001] 1 [     1 - request] map["url":"https://skyeysnow.com//"] (0s)
[000002] 1 [     1 - response] map["status":"OK" "url":"https://skyeysnow.com//"] (970.4814ms)
[000003] 1 [     1 - html] map["selector":"div[id='um']" "url":"https://skyeysnow.com//"] (973.2255ms)
[000004] 1 [     1 - scraped] map["url":"https://skyeysnow.com//"] (973.7609ms)
[000001] 1 [     1 - request] map["url":"https://skyeysnow.com//"] (0s)
[000002] 1 [     1 - response] map["status":"OK" "url":"https://skyeysnow.com//"] (978.1188ms)
[000003] 1 [     1 - html] map["selector":"div[id='um']" "url":"https://skyeysnow.com//"] (980.3856ms)
[000004] 1 [     1 - scraped] map["url":"https://skyeysnow.com//"] (980.9846ms)
[000001] 1 [     1 - request] map["url":"https://skyeysnow.com//"] (560.6µs)
[000002] 1 [     1 - response] map["status":"OK" "url":"https://skyeysnow.com//"] (1.337194s)
[000003] 1 [     1 - html] map["selector":"div[id='um']" "url":"https://skyeysnow.com//"] (1.340679s)
[000004] 1 [     1 - scraped] map["url":"https://skyeysnow.com//"] (1.340679s)
[000001] 1 [     1 - request] map["url":"https://skyeysnow.com//"] (548.7µs)
[000002] 1 [     1 - response] map["status":"OK" "url":"https://skyeysnow.com//"] (1.5083393s)
[000003] 1 [     1 - html] map["selector":"div[id='um']" "url":"https://skyeysnow.com//"] (1.5110479s)
[000004] 1 [     1 - scraped] map["url":"https://skyeysnow.com//"] (1.5115928s)
[000001] 1 [     1 - request] map["url":"https://skyeysnow.com//"] (549.7µs)
[000002] 1 [     1 - response] map["status":"OK" "url":"https://skyeysnow.com//"] (1.298656s)
[000003] 1 [     1 - html] map["selector":"div[id='um']" "url":"https://skyeysnow.com//"] (1.3008416s)
[000004] 1 [     1 - scraped] map["url":"https://skyeysnow.com//"] (1.3008416s)
[000001] 1 [     1 - request] map["url":"https://skyeysnow.com//"] (584.3µs)
[000002] 1 [     1 - response] map["status":"OK" "url":"https://skyeysnow.com//"] (1.0941204s)
[000003] 1 [     1 - html] map["selector":"div[id='um']" "url":"https://skyeysnow.com//"] (1.0967699s)
[000004] 1 [     1 - scraped] map["url":"https://skyeysnow.com//"] (1.0972987s)
[000001] 1 [     1 - request] map["url":"https://skyeysnow.com//"] (648.8µs)
[000002] 1 [     1 - response] map["status":"OK" "url":"https://skyeysnow.com//"] (1.2880952s)
[000003] 1 [     1 - html] map["selector":"div[id='um']" "url":"https://skyeysnow.com//"] (1.2897828s)
[000004] 1 [     1 - scraped] map["url":"https://skyeysnow.com//"] (1.2897828s)
[000001] 1 [     1 - request] map["url":"https://skyeysnow.com//"] (532.5µs)
[000002] 1 [     1 - response] map["status":"OK" "url":"https://skyeysnow.com//"] (5.9446642s)
[000003] 1 [     1 - html] map["selector":"div[id='um']" "url":"https://skyeysnow.com//"] (5.9452584s)
[000004] 1 [     1 - scraped] map["url":"https://skyeysnow.com//"] (5.9458188s)
[000001] 1 [     1 - request] map["url":"https://skyeysnow.com//"] (1.0779ms)
[000002] 1 [     1 - response] map["status":"OK" "url":"https://skyeysnow.com//"] (5.9815528s)
[000003] 1 [     1 - html] map["selector":"div[id='um']" "url":"https://skyeysnow.com//"] (5.9825979s)
[000004] 1 [     1 - scraped] map["url":"https://skyeysnow.com//"] (5.9828088s)
[000001] 1 [     1 - request] map["url":"https://skyeysnow.com//"] (1.1511ms)
[000002] 1 [     1 - response] map["status":"OK" "url":"https://skyeysnow.com//"] (6.1316386s)
[000003] 1 [     1 - html] map["selector":"div[id='um']" "url":"https://skyeysnow.com//"] (6.1316386s)
[000004] 1 [     1 - scraped] map["url":"https://skyeysnow.com//"] (26.8578164s)
