[000001] 1 [     1 - request] map["url":"http://authserver.csuft.edu.cn/authserver/login?service=http://ehall.csuft.edu.cn/login"] (0s)
[000002] 1 [     1 - response] map["status":"OK" "url":"http://authserver.csuft.edu.cn/authserver/login?service=http://ehall.csuft.edu.cn/login"] (255.7235ms)
[000003] 1 [     1 - scraped] map["url":"http://authserver.csuft.edu.cn/authserver/login?service=http://ehall.csuft.edu.cn/login"] (255.7235ms)
[000004] 1 [     2 - request] map["url":"http://authserver.csuft.edu.cn/authserver/login?service=http://ehall.csuft.edu.cn/login"] (255.7235ms)
[000005] 1 [     2 - response] map["status":"OK" "url":"http://authserver.csuft.edu.cn/authserver/login?service=http://ehall.csuft.edu.cn/login"] (346.9658ms)
[000006] 1 [     2 - scraped] map["url":"http://authserver.csuft.edu.cn/authserver/login?service=http://ehall.csuft.edu.cn/login"] (372.4428ms)
[000007] 2 [     1 - request] map["url":"http://ehall.csuft.edu.cn/new/index.html"] (376.0833ms)
[000008] 2 [     1 - response] map["status":"OK" "url":"http://ehall.csuft.edu.cn/new/index.html"] (546.9786ms)
[000009] 2 [     1 - scraped] map["url":"http://ehall.csuft.edu.cn/new/index.html"] (546.9786ms)
[000001] 1 [     1 - request] map["url":"http://authserver.csuft.edu.cn/authserver/login?service=http://ehall.csuft.edu.cn/login"] (532.1µs)
[000002] 1 [     1 - response] map["status":"OK" "url":"http://authserver.csuft.edu.cn/authserver/login?service=http://ehall.csuft.edu.cn/login"] (184.4783ms)
[000003] 1 [     1 - scraped] map["url":"http://authserver.csuft.edu.cn/authserver/login?service=http://ehall.csuft.edu.cn/login"] (184.4783ms)
[000004] 1 [     2 - request] map["url":"http://authserver.csuft.edu.cn/authserver/login?service=http://ehall.csuft.edu.cn/login"] (184.4783ms)
[000005] 1 [     2 - response] map["status":"OK" "url":"http://authserver.csuft.edu.cn/authserver/login?service=http://ehall.csuft.edu.cn/login"] (330.9468ms)
[000006] 1 [     2 - scraped] map["url":"http://authserver.csuft.edu.cn/authserver/login?service=http://ehall.csuft.edu.cn/login"] (333.1529ms)
[000007] 2 [     1 - request] map["url":"http://ehall.csuft.edu.cn/new/index.html"] (333.1529ms)
[000008] 2 [     1 - response] map["status":"OK" "url":"http://ehall.csuft.edu.cn/new/index.html"] (3.9793083s)
[000009] 2 [     1 - scraped] map["url":"http://ehall.csuft.edu.cn/new/index.html"] (3.98366s)
[000001] 1 [     1 - request] map["url":"http://authserver.csuft.edu.cn/authserver/login?service=http://ehall.csuft.edu.cn/login"] (510.6µs)
[000002] 1 [     1 - error] map["status":"" "url":"http://authserver.csuft.edu.cn/authserver/login?service=http://ehall.csuft.edu.cn/login"] (10.0049087s)
[000003] 1 [     2 - request] map["url":"http://authserver.csuft.edu.cn/authserver/login?service=http://ehall.csuft.edu.cn/login"] (10.0054485s)
[000004] 1 [     2 - response] map["status":"OK" "url":"http://authserver.csuft.edu.cn/authserver/login?service=http://ehall.csuft.edu.cn/login"] (10.3658134s)
[000005] 1 [     2 - scraped] map["url":"http://authserver.csuft.edu.cn/authserver/login?service=http://ehall.csuft.edu.cn/login"] (10.3658134s)
[000006] 2 [     1 - request] map["url":"http://ehall.csuft.edu.cn/new/index.html"] (10.3658134s)
[000007] 2 [     1 - error] map["status":"" "url":"http://ehall.csuft.edu.cn/new/index.html"] (20.368314s)
